[0.006s] Invoking command in '/home/tamar/RBE501_ws/build/arm_robot_description': CMAKE_PREFIX_PATH=${CMAKE_PREFIX_PATH}:/home/tamar/RBE501_ws/install/final_project:/home/tamar/install/valet:/home/tamar/install/nav2_loopback_sim:/home/tamar/install/launch_param_builder:/home/tamar/install/final_project:/opt/ros/humble PS1=(vEnv) \[\e]0;\u@\h: \w\a\]${debian_chroot:+($debian_chroot)}\[\033[01;32m\]\u@\h\[\033[00m\]:\[\033[01;34m\]\w\[\033[00m\]\$ VIRTUAL_ENV_PROMPT=(vEnv) /usr/bin/cmake --build /home/tamar/RBE501_ws/build/arm_robot_description -- -j32 -l32
[0.026s] Invoked command in '/home/tamar/RBE501_ws/build/arm_robot_description' returned '0': CMAKE_PREFIX_PATH=${CMAKE_PREFIX_PATH}:/home/tamar/RBE501_ws/install/final_project:/home/tamar/install/valet:/home/tamar/install/nav2_loopback_sim:/home/tamar/install/launch_param_builder:/home/tamar/install/final_project:/opt/ros/humble PS1=(vEnv) \[\e]0;\u@\h: \w\a\]${debian_chroot:+($debian_chroot)}\[\033[01;32m\]\u@\h\[\033[00m\]:\[\033[01;34m\]\w\[\033[00m\]\$ VIRTUAL_ENV_PROMPT=(vEnv) /usr/bin/cmake --build /home/tamar/RBE501_ws/build/arm_robot_description -- -j32 -l32
[0.033s] Invoking command in '/home/tamar/RBE501_ws/build/arm_robot_description': CMAKE_PREFIX_PATH=${CMAKE_PREFIX_PATH}:/home/tamar/RBE501_ws/install/final_project:/home/tamar/install/valet:/home/tamar/install/nav2_loopback_sim:/home/tamar/install/launch_param_builder:/home/tamar/install/final_project:/opt/ros/humble PS1=(vEnv) \[\e]0;\u@\h: \w\a\]${debian_chroot:+($debian_chroot)}\[\033[01;32m\]\u@\h\[\033[00m\]:\[\033[01;34m\]\w\[\033[00m\]\$ VIRTUAL_ENV_PROMPT=(vEnv) /usr/bin/cmake --install /home/tamar/RBE501_ws/build/arm_robot_description
[0.040s] -- Install configuration: ""
[0.041s] -- Execute custom install script
[0.041s] -- Up-to-date symlink: /home/tamar/RBE501_ws/install/arm_robot_description/share/arm_robot_description//urdf/arm_description.urdf.xacro
[0.041s] -- Up-to-date symlink: /home/tamar/RBE501_ws/install/arm_robot_description/share/arm_robot_description//urdf/common_properties.xacro
[0.041s] -- Symlinking: /home/tamar/RBE501_ws/install/arm_robot_description/share/arm_robot_description//rviz/arm_config.rviz
[0.055s] -- Up-to-date symlink: /home/tamar/RBE501_ws/install/arm_robot_description/share/arm_robot_description//launch/arm_bringup.launch.xml
[0.056s] -- Up-to-date symlink: /home/tamar/RBE501_ws/install/arm_robot_description/share/ament_index/resource_index/package_run_dependencies/arm_robot_description
[0.056s] -- Up-to-date symlink: /home/tamar/RBE501_ws/install/arm_robot_description/share/ament_index/resource_index/parent_prefix_path/arm_robot_description
[0.057s] -- Up-to-date symlink: /home/tamar/RBE501_ws/install/arm_robot_description/share/arm_robot_description/environment/ament_prefix_path.sh
[0.057s] -- Up-to-date symlink: /home/tamar/RBE501_ws/install/arm_robot_description/share/arm_robot_description/environment/ament_prefix_path.dsv
[0.058s] -- Up-to-date symlink: /home/tamar/RBE501_ws/install/arm_robot_description/share/arm_robot_description/environment/path.sh
[0.058s] -- Up-to-date symlink: /home/tamar/RBE501_ws/install/arm_robot_description/share/arm_robot_description/environment/path.dsv
[0.059s] -- Up-to-date symlink: /home/tamar/RBE501_ws/install/arm_robot_description/share/arm_robot_description/local_setup.bash
[0.059s] -- Up-to-date symlink: /home/tamar/RBE501_ws/install/arm_robot_description/share/arm_robot_description/local_setup.sh
[0.059s] -- Up-to-date symlink: /home/tamar/RBE501_ws/install/arm_robot_description/share/arm_robot_description/local_setup.zsh
[0.059s] -- Up-to-date symlink: /home/tamar/RBE501_ws/install/arm_robot_description/share/arm_robot_description/local_setup.dsv
[0.059s] -- Symlinking: /home/tamar/RBE501_ws/install/arm_robot_description/share/arm_robot_description/package.dsv
[0.071s] -- Up-to-date symlink: /home/tamar/RBE501_ws/install/arm_robot_description/share/ament_index/resource_index/packages/arm_robot_description
[0.072s] -- Up-to-date symlink: /home/tamar/RBE501_ws/install/arm_robot_description/share/arm_robot_description/cmake/arm_robot_descriptionConfig.cmake
[0.072s] -- Up-to-date symlink: /home/tamar/RBE501_ws/install/arm_robot_description/share/arm_robot_description/cmake/arm_robot_descriptionConfig-version.cmake
[0.072s] -- Up-to-date symlink: /home/tamar/RBE501_ws/install/arm_robot_description/share/arm_robot_description/package.xml
[0.074s] Invoked command in '/home/tamar/RBE501_ws/build/arm_robot_description' returned '0': CMAKE_PREFIX_PATH=${CMAKE_PREFIX_PATH}:/home/tamar/RBE501_ws/install/final_project:/home/tamar/install/valet:/home/tamar/install/nav2_loopback_sim:/home/tamar/install/launch_param_builder:/home/tamar/install/final_project:/opt/ros/humble PS1=(vEnv) \[\e]0;\u@\h: \w\a\]${debian_chroot:+($debian_chroot)}\[\033[01;32m\]\u@\h\[\033[00m\]:\[\033[01;34m\]\w\[\033[00m\]\$ VIRTUAL_ENV_PROMPT=(vEnv) /usr/bin/cmake --install /home/tamar/RBE501_ws/build/arm_robot_description
