-- The C compiler identification is GNU 11.4.0
-- The CXX compiler identification is GNU 11.4.0
-- Detecting C compiler ABI info
-- Detecting C compiler ABI info - done
-- Check for working C compiler: /usr/bin/cc - skipped
-- Detecting C compile features
-- Detecting C compile features - done
-- Detecting CXX compiler ABI info
-- Detecting CXX compiler ABI info - done
-- Check for working CXX compiler: /usr/bin/c++ - skipped
-- Detecting CXX compile features
-- Detecting CXX compile features - done
-- Found ament_cmake: 1.3.11 (/opt/ros/humble/share/ament_cmake/cmake)
-- Found Python3: /home/tamar/vEnv/bin/python3 (found version "3.10.12") found components: Interpreter 
-- Override CMake install command with custom implementation using symlinks instead of copying resources
-- Configuring done
-- Generating done
-- Build files have been written to: /home/tamar/RBE501_ws/build/arm_robot_description
-- Install configuration: ""
-- Execute custom install script
-- Symlinking: /home/tamar/RBE501_ws/install/arm_robot_description/share/arm_robot_description//urdf/arm_description.urdf.xacro
-- Symlinking: /home/tamar/RBE501_ws/install/arm_robot_description/share/arm_robot_description//urdf/common_properties.xacro
-- Symlinking: /home/tamar/RBE501_ws/install/arm_robot_description/share/arm_robot_description//launch/arm_bringup.launch.xml
-- Symlinking: /home/tamar/RBE501_ws/install/arm_robot_description/share/ament_index/resource_index/package_run_dependencies/arm_robot_description
-- Symlinking: /home/tamar/RBE501_ws/install/arm_robot_description/share/ament_index/resource_index/parent_prefix_path/arm_robot_description
-- Symlinking: /home/tamar/RBE501_ws/install/arm_robot_description/share/arm_robot_description/environment/ament_prefix_path.sh
-- Symlinking: /home/tamar/RBE501_ws/install/arm_robot_description/share/arm_robot_description/environment/ament_prefix_path.dsv
-- Symlinking: /home/tamar/RBE501_ws/install/arm_robot_description/share/arm_robot_description/environment/path.sh
-- Symlinking: /home/tamar/RBE501_ws/install/arm_robot_description/share/arm_robot_description/environment/path.dsv
-- Symlinking: /home/tamar/RBE501_ws/install/arm_robot_description/share/arm_robot_description/local_setup.bash
-- Symlinking: /home/tamar/RBE501_ws/install/arm_robot_description/share/arm_robot_description/local_setup.sh
-- Symlinking: /home/tamar/RBE501_ws/install/arm_robot_description/share/arm_robot_description/local_setup.zsh
-- Symlinking: /home/tamar/RBE501_ws/install/arm_robot_description/share/arm_robot_description/local_setup.dsv
-- Symlinking: /home/tamar/RBE501_ws/install/arm_robot_description/share/arm_robot_description/package.dsv
-- Symlinking: /home/tamar/RBE501_ws/install/arm_robot_description/share/ament_index/resource_index/packages/arm_robot_description
-- Symlinking: /home/tamar/RBE501_ws/install/arm_robot_description/share/arm_robot_description/cmake/arm_robot_descriptionConfig.cmake
-- Symlinking: /home/tamar/RBE501_ws/install/arm_robot_description/share/arm_robot_description/cmake/arm_robot_descriptionConfig-version.cmake
-- Symlinking: /home/tamar/RBE501_ws/install/arm_robot_description/share/arm_robot_description/package.xml
