[0.005s] Invoking command in '/home/tamar/RBE501_ws/build/arm_robot_description': CMAKE_PREFIX_PATH=${CMAKE_PREFIX_PATH}:/home/tamar/install/valet:/home/tamar/install/nav2_loopback_sim:/home/tamar/install/launch_param_builder:/home/tamar/install/final_project:/opt/ros/humble PS1=(vEnv) \[\e]0;\u@\h: \w\a\]${debian_chroot:+($debian_chroot)}\[\033[01;32m\]\u@\h\[\033[00m\]:\[\033[01;34m\]\w\[\033[00m\]\$ VIRTUAL_ENV_PROMPT=(vEnv) /usr/bin/cmake /home/tamar/RBE501_ws/src/arm_robot_description -DAMENT_CMAKE_SYMLINK_INSTALL=1 -DCMAKE_INSTALL_PREFIX=/home/tamar/RBE501_ws/install/arm_robot_description
[0.160s] -- The C compiler identification is GNU 11.4.0
[0.277s] -- The CXX compiler identification is GNU 11.4.0
[0.295s] -- Detecting C compiler ABI info
[0.409s] -- Detecting C compiler ABI info - done
[0.417s] -- Check for working C compiler: /usr/bin/cc - skipped
[0.418s] -- Detecting C compile features
[0.419s] -- Detecting C compile features - done
[0.425s] -- Detecting CXX compiler ABI info
[0.527s] -- Detecting CXX compiler ABI info - done
[0.531s] -- Check for working CXX compiler: /usr/bin/c++ - skipped
[0.531s] -- Detecting CXX compile features
[0.531s] -- Detecting CXX compile features - done
[0.537s] -- Found ament_cmake: 1.3.11 (/opt/ros/humble/share/ament_cmake/cmake)
[0.648s] -- Found Python3: /home/tamar/vEnv/bin/python3 (found version "3.10.12") found components: Interpreter 
[0.690s] -- Override CMake install command with custom implementation using symlinks instead of copying resources
[0.771s] -- Configuring done
[0.772s] -- Generating done
[0.772s] -- Build files have been written to: /home/tamar/RBE501_ws/build/arm_robot_description
[0.774s] Invoked command in '/home/tamar/RBE501_ws/build/arm_robot_description' returned '0': CMAKE_PREFIX_PATH=${CMAKE_PREFIX_PATH}:/home/tamar/install/valet:/home/tamar/install/nav2_loopback_sim:/home/tamar/install/launch_param_builder:/home/tamar/install/final_project:/opt/ros/humble PS1=(vEnv) \[\e]0;\u@\h: \w\a\]${debian_chroot:+($debian_chroot)}\[\033[01;32m\]\u@\h\[\033[00m\]:\[\033[01;34m\]\w\[\033[00m\]\$ VIRTUAL_ENV_PROMPT=(vEnv) /usr/bin/cmake /home/tamar/RBE501_ws/src/arm_robot_description -DAMENT_CMAKE_SYMLINK_INSTALL=1 -DCMAKE_INSTALL_PREFIX=/home/tamar/RBE501_ws/install/arm_robot_description
[0.775s] Invoking command in '/home/tamar/RBE501_ws/build/arm_robot_description': CMAKE_PREFIX_PATH=${CMAKE_PREFIX_PATH}:/home/tamar/install/valet:/home/tamar/install/nav2_loopback_sim:/home/tamar/install/launch_param_builder:/home/tamar/install/final_project:/opt/ros/humble PS1=(vEnv) \[\e]0;\u@\h: \w\a\]${debian_chroot:+($debian_chroot)}\[\033[01;32m\]\u@\h\[\033[00m\]:\[\033[01;34m\]\w\[\033[00m\]\$ VIRTUAL_ENV_PROMPT=(vEnv) /usr/bin/cmake --build /home/tamar/RBE501_ws/build/arm_robot_description -- -j32 -l32
[0.800s] Invoked command in '/home/tamar/RBE501_ws/build/arm_robot_description' returned '0': CMAKE_PREFIX_PATH=${CMAKE_PREFIX_PATH}:/home/tamar/install/valet:/home/tamar/install/nav2_loopback_sim:/home/tamar/install/launch_param_builder:/home/tamar/install/final_project:/opt/ros/humble PS1=(vEnv) \[\e]0;\u@\h: \w\a\]${debian_chroot:+($debian_chroot)}\[\033[01;32m\]\u@\h\[\033[00m\]:\[\033[01;34m\]\w\[\033[00m\]\$ VIRTUAL_ENV_PROMPT=(vEnv) /usr/bin/cmake --build /home/tamar/RBE501_ws/build/arm_robot_description -- -j32 -l32
[0.807s] Invoking command in '/home/tamar/RBE501_ws/build/arm_robot_description': CMAKE_PREFIX_PATH=${CMAKE_PREFIX_PATH}:/home/tamar/install/valet:/home/tamar/install/nav2_loopback_sim:/home/tamar/install/launch_param_builder:/home/tamar/install/final_project:/opt/ros/humble PS1=(vEnv) \[\e]0;\u@\h: \w\a\]${debian_chroot:+($debian_chroot)}\[\033[01;32m\]\u@\h\[\033[00m\]:\[\033[01;34m\]\w\[\033[00m\]\$ VIRTUAL_ENV_PROMPT=(vEnv) /usr/bin/cmake --install /home/tamar/RBE501_ws/build/arm_robot_description
[0.813s] -- Install configuration: ""
[0.814s] -- Execute custom install script
[0.815s] -- Symlinking: /home/tamar/RBE501_ws/install/arm_robot_description/share/arm_robot_description//urdf/arm_description.urdf.xacro
[0.832s] -- Symlinking: /home/tamar/RBE501_ws/install/arm_robot_description/share/arm_robot_description//urdf/common_properties.xacro
[0.850s] -- Symlinking: /home/tamar/RBE501_ws/install/arm_robot_description/share/arm_robot_description//launch/arm_bringup.launch.xml
[0.866s] -- Symlinking: /home/tamar/RBE501_ws/install/arm_robot_description/share/ament_index/resource_index/package_run_dependencies/arm_robot_description
[0.883s] -- Symlinking: /home/tamar/RBE501_ws/install/arm_robot_description/share/ament_index/resource_index/parent_prefix_path/arm_robot_description
[0.903s] -- Symlinking: /home/tamar/RBE501_ws/install/arm_robot_description/share/arm_robot_description/environment/ament_prefix_path.sh
[0.918s] -- Symlinking: /home/tamar/RBE501_ws/install/arm_robot_description/share/arm_robot_description/environment/ament_prefix_path.dsv
[0.928s] -- Symlinking: /home/tamar/RBE501_ws/install/arm_robot_description/share/arm_robot_description/environment/path.sh
[0.938s] -- Symlinking: /home/tamar/RBE501_ws/install/arm_robot_description/share/arm_robot_description/environment/path.dsv
[0.947s] -- Symlinking: /home/tamar/RBE501_ws/install/arm_robot_description/share/arm_robot_description/local_setup.bash
[0.957s] -- Symlinking: /home/tamar/RBE501_ws/install/arm_robot_description/share/arm_robot_description/local_setup.sh
[0.971s] -- Symlinking: /home/tamar/RBE501_ws/install/arm_robot_description/share/arm_robot_description/local_setup.zsh
[0.990s] -- Symlinking: /home/tamar/RBE501_ws/install/arm_robot_description/share/arm_robot_description/local_setup.dsv
[1.005s] -- Symlinking: /home/tamar/RBE501_ws/install/arm_robot_description/share/arm_robot_description/package.dsv
[1.023s] -- Symlinking: /home/tamar/RBE501_ws/install/arm_robot_description/share/ament_index/resource_index/packages/arm_robot_description
[1.044s] -- Symlinking: /home/tamar/RBE501_ws/install/arm_robot_description/share/arm_robot_description/cmake/arm_robot_descriptionConfig.cmake
[1.063s] -- Symlinking: /home/tamar/RBE501_ws/install/arm_robot_description/share/arm_robot_description/cmake/arm_robot_descriptionConfig-version.cmake
[1.081s] -- Symlinking: /home/tamar/RBE501_ws/install/arm_robot_description/share/arm_robot_description/package.xml
[1.093s] Invoked command in '/home/tamar/RBE501_ws/build/arm_robot_description' returned '0': CMAKE_PREFIX_PATH=${CMAKE_PREFIX_PATH}:/home/tamar/install/valet:/home/tamar/install/nav2_loopback_sim:/home/tamar/install/launch_param_builder:/home/tamar/install/final_project:/opt/ros/humble PS1=(vEnv) \[\e]0;\u@\h: \w\a\]${debian_chroot:+($debian_chroot)}\[\033[01;32m\]\u@\h\[\033[00m\]:\[\033[01;34m\]\w\[\033[00m\]\$ VIRTUAL_ENV_PROMPT=(vEnv) /usr/bin/cmake --install /home/tamar/RBE501_ws/build/arm_robot_description
