running develop
running egg_info
creating final_project.egg-info
writing final_project.egg-info/PKG-INFO
writing dependency_links to final_project.egg-info/dependency_links.txt
writing entry points to final_project.egg-info/entry_points.txt
writing requirements to final_project.egg-info/requires.txt
writing top-level names to final_project.egg-info/top_level.txt
writing manifest file 'final_project.egg-info/SOURCES.txt'
reading manifest file 'final_project.egg-info/SOURCES.txt'
writing manifest file 'final_project.egg-info/SOURCES.txt'
running build_ext
Creating /home/tamar/RBE501_ws/install/final_project/lib/python3.10/site-packages/final-project.egg-link (link to .)

Installed /home/tamar/RBE501_ws/build/final_project
running symlink_data
creating /home/tamar/RBE501_ws/install/final_project/share/ament_index
creating /home/tamar/RBE501_ws/install/final_project/share/ament_index/resource_index
creating /home/tamar/RBE501_ws/install/final_project/share/ament_index/resource_index/packages
symbolically linking /home/tamar/RBE501_ws/build/final_project/resource/final_project -> /home/tamar/RBE501_ws/install/final_project/share/ament_index/resource_index/packages
symbolically linking /home/tamar/RBE501_ws/build/final_project/package.xml -> /home/tamar/RBE501_ws/install/final_project/share/final_project
