[0.006s] Invoking command in '/home/tamar/RBE501_ws/build/arm_robot_description': CMAKE_PREFIX_PATH=${CMAKE_PREFIX_PATH}:/home/tamar/install/valet:/home/tamar/install/nav2_loopback_sim:/home/tamar/install/launch_param_builder:/home/tamar/install/final_project:/opt/ros/humble PS1=(vEnv) \[\e]0;\u@\h: \w\a\]${debian_chroot:+($debian_chroot)}\[\033[01;32m\]\u@\h\[\033[00m\]:\[\033[01;34m\]\w\[\033[00m\]\$ VIRTUAL_ENV_PROMPT=(vEnv) /usr/bin/cmake /home/tamar/RBE501_ws/src/arm_robot_description -DAMENT_CMAKE_SYMLINK_INSTALL=1 -DCMAKE_INSTALL_PREFIX=/home/tamar/RBE501_ws/install/arm_robot_description
[0.013s] -- Found ament_cmake: 1.3.11 (/opt/ros/humble/share/ament_cmake/cmake)
[0.079s] -- Override CMake install command with custom implementation using symlinks instead of copying resources
[0.122s] -- Configuring done
[0.123s] -- Generating done
[0.124s] -- Build files have been written to: /home/tamar/RBE501_ws/build/arm_robot_description
[0.126s] Invoked command in '/home/tamar/RBE501_ws/build/arm_robot_description' returned '0': CMAKE_PREFIX_PATH=${CMAKE_PREFIX_PATH}:/home/tamar/install/valet:/home/tamar/install/nav2_loopback_sim:/home/tamar/install/launch_param_builder:/home/tamar/install/final_project:/opt/ros/humble PS1=(vEnv) \[\e]0;\u@\h: \w\a\]${debian_chroot:+($debian_chroot)}\[\033[01;32m\]\u@\h\[\033[00m\]:\[\033[01;34m\]\w\[\033[00m\]\$ VIRTUAL_ENV_PROMPT=(vEnv) /usr/bin/cmake /home/tamar/RBE501_ws/src/arm_robot_description -DAMENT_CMAKE_SYMLINK_INSTALL=1 -DCMAKE_INSTALL_PREFIX=/home/tamar/RBE501_ws/install/arm_robot_description
[0.127s] Invoking command in '/home/tamar/RBE501_ws/build/arm_robot_description': CMAKE_PREFIX_PATH=${CMAKE_PREFIX_PATH}:/home/tamar/install/valet:/home/tamar/install/nav2_loopback_sim:/home/tamar/install/launch_param_builder:/home/tamar/install/final_project:/opt/ros/humble PS1=(vEnv) \[\e]0;\u@\h: \w\a\]${debian_chroot:+($debian_chroot)}\[\033[01;32m\]\u@\h\[\033[00m\]:\[\033[01;34m\]\w\[\033[00m\]\$ VIRTUAL_ENV_PROMPT=(vEnv) /usr/bin/cmake --build /home/tamar/RBE501_ws/build/arm_robot_description -- -j32 -l32
[0.152s] Invoked command in '/home/tamar/RBE501_ws/build/arm_robot_description' returned '0': CMAKE_PREFIX_PATH=${CMAKE_PREFIX_PATH}:/home/tamar/install/valet:/home/tamar/install/nav2_loopback_sim:/home/tamar/install/launch_param_builder:/home/tamar/install/final_project:/opt/ros/humble PS1=(vEnv) \[\e]0;\u@\h: \w\a\]${debian_chroot:+($debian_chroot)}\[\033[01;32m\]\u@\h\[\033[00m\]:\[\033[01;34m\]\w\[\033[00m\]\$ VIRTUAL_ENV_PROMPT=(vEnv) /usr/bin/cmake --build /home/tamar/RBE501_ws/build/arm_robot_description -- -j32 -l32
[0.165s] Invoking command in '/home/tamar/RBE501_ws/build/arm_robot_description': CMAKE_PREFIX_PATH=${CMAKE_PREFIX_PATH}:/home/tamar/install/valet:/home/tamar/install/nav2_loopback_sim:/home/tamar/install/launch_param_builder:/home/tamar/install/final_project:/opt/ros/humble PS1=(vEnv) \[\e]0;\u@\h: \w\a\]${debian_chroot:+($debian_chroot)}\[\033[01;32m\]\u@\h\[\033[00m\]:\[\033[01;34m\]\w\[\033[00m\]\$ VIRTUAL_ENV_PROMPT=(vEnv) /usr/bin/cmake --install /home/tamar/RBE501_ws/build/arm_robot_description
[0.174s] -- Install configuration: ""
[0.174s] -- Execute custom install script
[0.174s] -- Up-to-date symlink: /home/tamar/RBE501_ws/install/arm_robot_description/share/arm_robot_description//urdf/arm_description.urdf.xacro
[0.175s] -- Up-to-date symlink: /home/tamar/RBE501_ws/install/arm_robot_description/share/arm_robot_description//urdf/arm_description2.urdf.xacro
[0.175s] -- Up-to-date symlink: /home/tamar/RBE501_ws/install/arm_robot_description/share/arm_robot_description//urdf/common_properties.xacro
[0.175s] -- Up-to-date symlink: /home/tamar/RBE501_ws/install/arm_robot_description/share/arm_robot_description//rviz/arm_config.rviz
[0.175s] -- Up-to-date symlink: /home/tamar/RBE501_ws/install/arm_robot_description/share/arm_robot_description//config/3r_manipulator_control.yaml
[0.175s] -- Up-to-date symlink: /home/tamar/RBE501_ws/install/arm_robot_description/share/arm_robot_description//launch/arm_bringup.launch.xml
[0.175s] -- Up-to-date symlink: /home/tamar/RBE501_ws/install/arm_robot_description/share/ament_index/resource_index/package_run_dependencies/arm_robot_description
[0.175s] -- Up-to-date symlink: /home/tamar/RBE501_ws/install/arm_robot_description/share/ament_index/resource_index/parent_prefix_path/arm_robot_description
[0.175s] -- Up-to-date symlink: /home/tamar/RBE501_ws/install/arm_robot_description/share/arm_robot_description/environment/ament_prefix_path.sh
[0.176s] -- Up-to-date symlink: /home/tamar/RBE501_ws/install/arm_robot_description/share/arm_robot_description/environment/ament_prefix_path.dsv
[0.176s] -- Up-to-date symlink: /home/tamar/RBE501_ws/install/arm_robot_description/share/arm_robot_description/environment/path.sh
[0.176s] -- Up-to-date symlink: /home/tamar/RBE501_ws/install/arm_robot_description/share/arm_robot_description/environment/path.dsv
[0.176s] -- Up-to-date symlink: /home/tamar/RBE501_ws/install/arm_robot_description/share/arm_robot_description/local_setup.bash
[0.176s] -- Up-to-date symlink: /home/tamar/RBE501_ws/install/arm_robot_description/share/arm_robot_description/local_setup.sh
[0.176s] -- Up-to-date symlink: /home/tamar/RBE501_ws/install/arm_robot_description/share/arm_robot_description/local_setup.zsh
[0.176s] -- Up-to-date symlink: /home/tamar/RBE501_ws/install/arm_robot_description/share/arm_robot_description/local_setup.dsv
[0.176s] -- Symlinking: /home/tamar/RBE501_ws/install/arm_robot_description/share/arm_robot_description/package.dsv
[0.187s] -- Up-to-date symlink: /home/tamar/RBE501_ws/install/arm_robot_description/share/ament_index/resource_index/packages/arm_robot_description
[0.188s] -- Up-to-date symlink: /home/tamar/RBE501_ws/install/arm_robot_description/share/arm_robot_description/cmake/arm_robot_descriptionConfig.cmake
[0.188s] -- Up-to-date symlink: /home/tamar/RBE501_ws/install/arm_robot_description/share/arm_robot_description/cmake/arm_robot_descriptionConfig-version.cmake
[0.188s] -- Up-to-date symlink: /home/tamar/RBE501_ws/install/arm_robot_description/share/arm_robot_description/package.xml
[0.190s] Invoked command in '/home/tamar/RBE501_ws/build/arm_robot_description' returned '0': CMAKE_PREFIX_PATH=${CMAKE_PREFIX_PATH}:/home/tamar/install/valet:/home/tamar/install/nav2_loopback_sim:/home/tamar/install/launch_param_builder:/home/tamar/install/final_project:/opt/ros/humble PS1=(vEnv) \[\e]0;\u@\h: \w\a\]${debian_chroot:+($debian_chroot)}\[\033[01;32m\]\u@\h\[\033[00m\]:\[\033[01;34m\]\w\[\033[00m\]\$ VIRTUAL_ENV_PROMPT=(vEnv) /usr/bin/cmake --install /home/tamar/RBE501_ws/build/arm_robot_description
