[0.005s] Invoking command in '/home/tamar/RBE501_ws/build/arm_robot_description': PS1=(vEnv) \[\e]0;\u@\h: \w\a\]${debian_chroot:+($debian_chroot)}\[\033[01;32m\]\u@\h\[\033[00m\]:\[\033[01;34m\]\w\[\033[00m\]\$ VIRTUAL_ENV_PROMPT=(vEnv) /usr/bin/cmake /home/tamar/RBE501_ws/src/arm_robot_description -DCATKIN_INSTALL_INTO_PREFIX_ROOT=0 -DCATKIN_SYMLINK_INSTALL=ON -DCMAKE_INSTALL_PREFIX=/home/tamar/RBE501_ws/install/arm_robot_description
[0.013s] -- Found ament_cmake: 1.3.11 (/opt/ros/humble/share/ament_cmake/cmake)
[0.093s] -- Override CMake install command with custom implementation using symlinks instead of copying resources
[0.138s] -- Configuring done
[0.139s] -- Generating done
[0.140s] [33mCMake Warning:
[0.140s]   Manually-specified variables were not used by the project:
[0.140s] 
[0.140s]     CATKIN_INSTALL_INTO_PREFIX_ROOT
[0.140s]     CATKIN_SYMLINK_INSTALL
[0.140s] 
[0.140s] [0m
[0.140s] -- Build files have been written to: /home/tamar/RBE501_ws/build/arm_robot_description
[0.141s] Invoked command in '/home/tamar/RBE501_ws/build/arm_robot_description' returned '0': PS1=(vEnv) \[\e]0;\u@\h: \w\a\]${debian_chroot:+($debian_chroot)}\[\033[01;32m\]\u@\h\[\033[00m\]:\[\033[01;34m\]\w\[\033[00m\]\$ VIRTUAL_ENV_PROMPT=(vEnv) /usr/bin/cmake /home/tamar/RBE501_ws/src/arm_robot_description -DCATKIN_INSTALL_INTO_PREFIX_ROOT=0 -DCATKIN_SYMLINK_INSTALL=ON -DCMAKE_INSTALL_PREFIX=/home/tamar/RBE501_ws/install/arm_robot_description
[0.142s] Invoking command in '/home/tamar/RBE501_ws/build/arm_robot_description': PS1=(vEnv) \[\e]0;\u@\h: \w\a\]${debian_chroot:+($debian_chroot)}\[\033[01;32m\]\u@\h\[\033[00m\]:\[\033[01;34m\]\w\[\033[00m\]\$ VIRTUAL_ENV_PROMPT=(vEnv) /usr/bin/cmake --build /home/tamar/RBE501_ws/build/arm_robot_description -- -j32 -l32
[0.172s] Invoked command in '/home/tamar/RBE501_ws/build/arm_robot_description' returned '0': PS1=(vEnv) \[\e]0;\u@\h: \w\a\]${debian_chroot:+($debian_chroot)}\[\033[01;32m\]\u@\h\[\033[00m\]:\[\033[01;34m\]\w\[\033[00m\]\$ VIRTUAL_ENV_PROMPT=(vEnv) /usr/bin/cmake --build /home/tamar/RBE501_ws/build/arm_robot_description -- -j32 -l32
[0.182s] Invoking command in '/home/tamar/RBE501_ws/build/arm_robot_description': PS1=(vEnv) \[\e]0;\u@\h: \w\a\]${debian_chroot:+($debian_chroot)}\[\033[01;32m\]\u@\h\[\033[00m\]:\[\033[01;34m\]\w\[\033[00m\]\$ VIRTUAL_ENV_PROMPT=(vEnv) /usr/bin/cmake --install /home/tamar/RBE501_ws/build/arm_robot_description
[0.192s] -- Install configuration: ""
[0.192s] -- Execute custom install script
[0.192s] -- Up-to-date symlink: /home/tamar/RBE501_ws/install/arm_robot_description/share/arm_robot_description//urdf/arm_description.urdf.xacro
[0.192s] -- Symlinking: /home/tamar/RBE501_ws/install/arm_robot_description/share/arm_robot_description//urdf/arm_description2.urdf.xacro
[0.199s] -- Up-to-date symlink: /home/tamar/RBE501_ws/install/arm_robot_description/share/arm_robot_description//urdf/common_properties.xacro
[0.199s] -- Up-to-date symlink: /home/tamar/RBE501_ws/install/arm_robot_description/share/arm_robot_description//rviz/arm_config.rviz
[0.199s] -- Symlinking: /home/tamar/RBE501_ws/install/arm_robot_description/share/arm_robot_description//config/3r_manipulator_control.yaml
[0.208s] -- Up-to-date symlink: /home/tamar/RBE501_ws/install/arm_robot_description/share/arm_robot_description//launch/arm_bringup.launch.xml
[0.208s] -- Up-to-date symlink: /home/tamar/RBE501_ws/install/arm_robot_description/share/ament_index/resource_index/package_run_dependencies/arm_robot_description
[0.208s] -- Up-to-date symlink: /home/tamar/RBE501_ws/install/arm_robot_description/share/ament_index/resource_index/parent_prefix_path/arm_robot_description
[0.208s] -- Up-to-date symlink: /home/tamar/RBE501_ws/install/arm_robot_description/share/arm_robot_description/environment/ament_prefix_path.sh
[0.208s] -- Up-to-date symlink: /home/tamar/RBE501_ws/install/arm_robot_description/share/arm_robot_description/environment/ament_prefix_path.dsv
[0.208s] -- Up-to-date symlink: /home/tamar/RBE501_ws/install/arm_robot_description/share/arm_robot_description/environment/path.sh
[0.209s] -- Up-to-date symlink: /home/tamar/RBE501_ws/install/arm_robot_description/share/arm_robot_description/environment/path.dsv
[0.209s] -- Up-to-date symlink: /home/tamar/RBE501_ws/install/arm_robot_description/share/arm_robot_description/local_setup.bash
[0.209s] -- Up-to-date symlink: /home/tamar/RBE501_ws/install/arm_robot_description/share/arm_robot_description/local_setup.sh
[0.209s] -- Up-to-date symlink: /home/tamar/RBE501_ws/install/arm_robot_description/share/arm_robot_description/local_setup.zsh
[0.209s] -- Up-to-date symlink: /home/tamar/RBE501_ws/install/arm_robot_description/share/arm_robot_description/local_setup.dsv
[0.209s] -- Symlinking: /home/tamar/RBE501_ws/install/arm_robot_description/share/arm_robot_description/package.dsv
[0.222s] -- Up-to-date symlink: /home/tamar/RBE501_ws/install/arm_robot_description/share/ament_index/resource_index/packages/arm_robot_description
[0.222s] -- Up-to-date symlink: /home/tamar/RBE501_ws/install/arm_robot_description/share/arm_robot_description/cmake/arm_robot_descriptionConfig.cmake
[0.222s] -- Up-to-date symlink: /home/tamar/RBE501_ws/install/arm_robot_description/share/arm_robot_description/cmake/arm_robot_descriptionConfig-version.cmake
[0.222s] -- Up-to-date symlink: /home/tamar/RBE501_ws/install/arm_robot_description/share/arm_robot_description/package.xml
[0.223s] Invoked command in '/home/tamar/RBE501_ws/build/arm_robot_description' returned '0': PS1=(vEnv) \[\e]0;\u@\h: \w\a\]${debian_chroot:+($debian_chroot)}\[\033[01;32m\]\u@\h\[\033[00m\]:\[\033[01;34m\]\w\[\033[00m\]\$ VIRTUAL_ENV_PROMPT=(vEnv) /usr/bin/cmake --install /home/tamar/RBE501_ws/build/arm_robot_description
